This is pdfTeX, Version 3.14159265-2.6-1.40.19 (TeX Live 2019/dev/Debian) (preloaded format=pdflatex 2022.1.20)  22 JAN 2022 15:49
entering extended mode
 restricted \write18 enabled.
 %&-line parsing enabled.
**utilisateur.tex
(./utilisateur.tex
LaTeX2e <2018-12-01>
(/usr/share/texlive/texmf-dist/tex/latex/base/article.cls
Document Class: article 2018/09/03 v1.4i Standard LaTeX document class
(/usr/share/texlive/texmf-dist/tex/latex/base/size12.clo
File: size12.clo 2018/09/03 v1.4i Standard LaTeX file (size option)
)
\c@part=\count80
\c@section=\count81
\c@subsection=\count82
\c@subsubsection=\count83
\c@paragraph=\count84
\c@subparagraph=\count85
\c@figure=\count86
\c@table=\count87
\abovecaptionskip=\skip41
\belowcaptionskip=\skip42
\bibindent=\dimen102
)
(/usr/share/texlive/texmf-dist/tex/latex/base/inputenc.sty
Package: inputenc 2018/08/11 v1.3c Input encoding file
\inpenc@prehook=\toks14
\inpenc@posthook=\toks15
)
(/usr/share/texlive/texmf-dist/tex/generic/babel/babel.sty
Package: babel 2018/11/13 3.27 The Babel package

(/usr/share/texlive/texmf-dist/tex/generic/babel/switch.def
File: switch.def 2018/11/13 3.27 Babel switching mechanism
)

! Package babel Error: Unknown option `french'. Either you misspelled it
(babel)                or the language definition file french.ldf was not found
.

See the babel package documentation for explanation.
Type  H <return>  for immediate help.
 ...                                              
                                                  
l.469 \ProcessOptions*
                      
Valid options are: shorthands=, KeepShorthandsActive,
activeacute, activegrave, noconfigs, safe=, main=, math=
headfoot=, strings=, config=, hyphenmap=, or a language name.

Package babel Info: You haven't specified a language. I'll use 'nil'
(babel)             as the main language. Reported on input line 499.
(/usr/share/texlive/texmf-dist/tex/generic/babel/nil.ldf
Language: nil 2018/11/13 3.27 Nil language

(/usr/share/texlive/texmf-dist/tex/generic/babel/babel.def
File: babel.def 2018/11/13 3.27 Babel common definitions
\babel@savecnt=\count88
\U@D=\dimen103

(/usr/share/texlive/texmf-dist/tex/generic/babel/txtbabel.def)
\bbl@dirlevel=\count89
)))
(./utilisateur.aux)
\openout1 = `utilisateur.aux'.

LaTeX Font Info:    Checking defaults for OML/cmm/m/it on input line 9.
LaTeX Font Info:    ... okay on input line 9.
LaTeX Font Info:    Checking defaults for T1/cmr/m/n on input line 9.
LaTeX Font Info:    ... okay on input line 9.
LaTeX Font Info:    Checking defaults for OT1/cmr/m/n on input line 9.
LaTeX Font Info:    ... okay on input line 9.
LaTeX Font Info:    Checking defaults for OMS/cmsy/m/n on input line 9.
LaTeX Font Info:    ... okay on input line 9.
LaTeX Font Info:    Checking defaults for OMX/cmex/m/n on input line 9.
LaTeX Font Info:    ... okay on input line 9.
LaTeX Font Info:    Checking defaults for U/cmr/m/n on input line 9.
LaTeX Font Info:    ... okay on input line 9.
LaTeX Font Info:    External font `cmex10' loaded for size
(Font)              <14.4> on input line 11.
LaTeX Font Info:    External font `cmex10' loaded for size
(Font)              <7> on input line 11.
 (./utilisateur.toc
LaTeX Font Info:    External font `cmex10' loaded for size
(Font)              <12> on input line 4.
LaTeX Font Info:    External font `cmex10' loaded for size
(Font)              <8> on input line 4.
LaTeX Font Info:    External font `cmex10' loaded for size
(Font)              <6> on input line 4.
 [1

{/var/lib/texmf/fonts/map/pdftex/updmap/pdftex.map}]
Overfull \hbox (16.17172pt too wide) in paragraph at lines 28--28
 [][] []\OT1/cmr/m/n/12 (3.33) Arithmetic operation: (...) only accept ([int|fl
oat], 
 []


Overfull \hbox (1.64966pt too wide) in paragraph at lines 29--29
 [][] []\OT1/cmr/m/n/12 (3.33) Boolean operation: (...) only accept ([int|float
], 
 []


Overfull \hbox (21.78972pt too wide) in paragraph at lines 30--30
 [][] []\OT1/cmr/m/n/12 (3.33) Comparison operation: (...) only accept ([int|fl
oat], 
 []

)
\tf@toc=\write3
\openout3 = `utilisateur.toc'.

 [2]
Overfull \hbox (11.96298pt too wide) in paragraph at lines 23--32
\OT1/cmr/m/n/12 Ce compilateur a pour but de compiler des fichiers terminant en
 \OT1/cmr/m/it/12 .deca \OT1/cmr/m/n/12 respectant
 []

LaTeX Font Info:    Try loading font information for OMS+cmr on input line 37.
(/usr/share/texlive/texmf-dist/tex/latex/base/omscmr.fd
File: omscmr.fd 2014/09/29 v2.5h Standard LaTeX font definitions
)
LaTeX Font Info:    Font shape `OMS/cmr/bx/n' in size <12> not available
(Font)              Font shape `OMS/cmsy/b/n' tried instead on input line 37.

Overfull \hbox (33.7271pt too wide) in paragraph at lines 58--60
\OT1/cmr/m/n/12 compris entre 4 et 16. Dans le cas contraire, une "UnsupportedO
perationException"
 []

[3]
Overfull \hbox (7.60281pt too wide) in paragraph at lines 82--83
\OT1/cmr/m/n/12 Cette erreur survient lorsque le fichier ^^Ra importer n'est pa
s trouv^^Se ou impossible
 []

[4]
Overfull \hbox (4.86118pt too wide) in paragraph at lines 92--93
\OT1/cmr/m/n/12 Cette erreur survient lorsque l'utilisateur fait une inclusion 
de fichier circulaire.
 []

[5]
Overfull \hbox (16.87216pt too wide) in paragraph at lines 116--119
\OT1/cmr/m/n/12 Cette erreur survient lorque l'utilisateur a tent^^Se d'utilise
r une fonction d'affichage
 []


Overfull \hbox (15.162pt too wide) in paragraph at lines 116--119
\OT1/cmr/m/n/12 param^^Retres. En l'occurence, les seuls type autoris^^Ses dans
 une fonction d'affichage
 []


Overfull \hbox (18.83047pt too wide) in paragraph at lines 121--122
\OT1/cmr/m/n/12 Cette erreur survient lorsque l'utilisateur tente d'effecter l'
op^^Seration arithm^^Setique
 []

[6]
Overfull \hbox (2.29724pt too wide) in paragraph at lines 129--129
[]\OT1/cmr/bx/n/12 (3.33) Comparison operation: (...) only accept ([int|float],

 []


Overfull \hbox (5.36674pt too wide) in paragraph at lines 135--135
[]\OT1/cmr/bx/n/12 (3.37) UnaryMinus operator only accept int or float operand 

 []

[7] (./utilisateur.aux) ) 
Here is how much of TeX's memory you used:
 816 strings out of 494518
 10328 string characters out of 6176313
 78023 words of memory out of 5000000
 4530 multiletter control sequences out of 15000+600000
 9410 words of font info for 33 fonts, out of 8000000 for 9000
 36 hyphenation exceptions out of 8191
 22i,5n,19p,426b,185s stack positions out of 5000i,500n,10000p,200000b,80000s
</usr/share/texlive/texmf-dist/fonts/type1/public/amsf
onts/cm/cmbsy10.pfb></usr/share/texlive/texmf-dist/fonts/type1/public/amsfonts/
cm/cmbx12.pfb></usr/share/texlive/texmf-dist/fonts/type1/public/amsfonts/cm/cmr
12.pfb></usr/share/texlive/texmf-dist/fonts/type1/public/amsfonts/cm/cmr17.pfb>
</usr/share/texlive/texmf-dist/fonts/type1/public/amsfonts/cm/cmti12.pfb>
Output written on utilisateur.pdf (7 pages, 74651 bytes).
PDF statistics:
 48 PDF objects out of 1000 (max. 8388607)
 33 compressed objects within 1 object stream
 0 named destinations out of 1000 (max. 500000)
 1 words of extra memory for PDF output out of 10000 (max. 10000000)

